2020-02-25 06:44:23 INFO  maven1.Task4:13 - Select a number: 
 1: Interest calculations 
 2: Cost Estimation
2020-02-25 06:44:40 INFO  maven1.InterestCal:15 - Enter the value of principal balance :
2020-02-25 06:44:50 INFO  maven1.InterestCal:18 - Enter the value of annual interest rate :
2020-02-25 06:44:52 INFO  maven1.InterestCal:21 - Enter the value of time in years :
2020-02-25 06:44:55 INFO  maven1.InterestCal:24 - Enter the value of time period :
2020-02-25 06:44:57 INFO  maven1.InterestCal:36 - Inside simpleInterest method
2020-02-25 06:44:57 INFO  maven1.InterestCal:38 - Returning to calculate method
2020-02-25 06:44:57 INFO  maven1.InterestCal:44 - Inside compoundInterest method
2020-02-25 06:44:57 INFO  maven1.InterestCal:46 - Returning to calculate method
2020-02-25 06:44:57 INFO  maven1.InterestCal:29 - SI :22000.0
2020-02-25 06:44:57 INFO  maven1.InterestCal:31 - CI :30000.0
2020-02-25 06:45:06 INFO  maven1.Task4:13 - Select a number: 
 1: Interest calculations 
 2: Cost Estimation
2020-02-25 06:45:10 INFO  maven1.CostEst:18 - enter the area of the house in square feet :
2020-02-25 06:45:13 INFO  maven1.CostEst:21 - Choose the material standard level by entering corresponding codes :
 s:standard material
 as:above standard material
 hs:high standard material
2020-02-25 06:45:16 INFO  maven1.CostEst:25 - Do you want automation ? Enter true or false.
2020-02-25 06:45:18 INFO  maven1.CostEst:36 - Cost =5000.0
2020-02-25 06:45:24 INFO  maven1.Task4:13 - Select a number: 
 1: Interest calculations 
 2: Cost Estimation
2020-02-25 06:45:24 INFO  maven1.CostEst:18 - enter the area of the house in square feet :
2020-02-25 06:45:27 INFO  maven1.CostEst:21 - Choose the material standard level by entering corresponding codes :
 s:standard material
 as:above standard material
 hs:high standard material
2020-02-25 06:45:31 INFO  maven1.CostEst:25 - Do you want automation ? Enter true or false.
2020-02-25 06:45:34 ERROR maven1.CostEst:31 - java.util.InputMismatchException
2020-02-25 06:45:34 INFO  maven1.CostEst:48 - Cost =3600.0
